2025-08-09T09:05:51.358+05:30  INFO 11288 --- [Quiz-App] [restartedMain] c.w.s.s.q.monorepo.QuizAppApplication    : Starting QuizAppApplication using Java 17.0.2 with PID 11288 (E:\Wipro\Quiz-App\target\classes started by Shobhit PC in E:\Wipro\Quiz-App)
2025-08-09T09:05:51.365+05:30  INFO 11288 --- [Quiz-App] [restartedMain] c.w.s.s.q.monorepo.QuizAppApplication    : No active profile set, falling back to 1 default profile: "default"
2025-08-09T09:05:51.420+05:30  INFO 11288 --- [Quiz-App] [restartedMain] .e.DevToolsPropertyDefaultsPostProcessor : Devtools property defaults active! Set 'spring.devtools.add-properties' to 'false' to disable
2025-08-09T09:05:51.421+05:30  INFO 11288 --- [Quiz-App] [restartedMain] .e.DevToolsPropertyDefaultsPostProcessor : For additional web related logging consider setting the 'logging.level.web' property to 'DEBUG'
2025-08-09T09:05:52.626+05:30  INFO 11288 --- [Quiz-App] [restartedMain] .s.d.r.c.RepositoryConfigurationDelegate : Bootstrapping Spring Data JPA repositories in DEFAULT mode.
2025-08-09T09:05:52.710+05:30  INFO 11288 --- [Quiz-App] [restartedMain] .s.d.r.c.RepositoryConfigurationDelegate : Finished Spring Data repository scanning in 73 ms. Found 2 JPA repository interfaces.
2025-08-09T09:05:53.481+05:30  INFO 11288 --- [Quiz-App] [restartedMain] o.s.b.w.embedded.tomcat.TomcatWebServer  : Tomcat initialized with port 8080 (http)
2025-08-09T09:05:53.500+05:30  INFO 11288 --- [Quiz-App] [restartedMain] o.apache.catalina.core.StandardService   : Starting service [Tomcat]
2025-08-09T09:05:53.501+05:30  INFO 11288 --- [Quiz-App] [restartedMain] o.apache.catalina.core.StandardEngine    : Starting Servlet engine: [Apache Tomcat/10.1.43]
2025-08-09T09:05:53.612+05:30  INFO 11288 --- [Quiz-App] [restartedMain] o.a.c.c.C.[Tomcat].[localhost].[/]       : Initializing Spring embedded WebApplicationContext
2025-08-09T09:05:53.613+05:30  INFO 11288 --- [Quiz-App] [restartedMain] w.s.c.ServletWebServerApplicationContext : Root WebApplicationContext: initialization completed in 2183 ms
2025-08-09T09:05:53.849+05:30  INFO 11288 --- [Quiz-App] [restartedMain] o.hibernate.jpa.internal.util.LogHelper  : HHH000204: Processing PersistenceUnitInfo [name: default]
2025-08-09T09:05:53.918+05:30  INFO 11288 --- [Quiz-App] [restartedMain] org.hibernate.Version                    : HHH000412: Hibernate ORM core version 6.6.22.Final
2025-08-09T09:05:53.963+05:30  INFO 11288 --- [Quiz-App] [restartedMain] o.h.c.internal.RegionFactoryInitiator    : HHH000026: Second-level cache disabled
2025-08-09T09:05:54.281+05:30  INFO 11288 --- [Quiz-App] [restartedMain] o.s.o.j.p.SpringPersistenceUnitInfo      : No LoadTimeWeaver setup: ignoring JPA class transformer
2025-08-09T09:05:54.323+05:30  INFO 11288 --- [Quiz-App] [restartedMain] com.zaxxer.hikari.HikariDataSource       : HikariPool-1 - Starting...
2025-08-09T09:05:54.581+05:30  INFO 11288 --- [Quiz-App] [restartedMain] com.zaxxer.hikari.pool.HikariPool        : HikariPool-1 - Added connection org.postgresql.jdbc.PgConnection@6b28708f
2025-08-09T09:05:54.582+05:30  INFO 11288 --- [Quiz-App] [restartedMain] com.zaxxer.hikari.HikariDataSource       : HikariPool-1 - Start completed.
2025-08-09T09:05:54.670+05:30  WARN 11288 --- [Quiz-App] [restartedMain] org.hibernate.orm.deprecation            : HHH90000025: PostgreSQLDialect does not need to be specified explicitly using 'hibernate.dialect' (remove the property setting and it will be selected by default)
2025-08-09T09:05:54.718+05:30  INFO 11288 --- [Quiz-App] [restartedMain] org.hibernate.orm.connections.pooling    : HHH10001005: Database info:
	Database JDBC URL [Connecting through datasource 'HikariDataSource (HikariPool-1)']
	Database driver: undefined/unknown
	Database version: 17.5
	Autocommit mode: undefined/unknown
	Isolation level: undefined/unknown
	Minimum pool size: undefined/unknown
	Maximum pool size: undefined/unknown
2025-08-09T09:05:56.605+05:30  INFO 11288 --- [Quiz-App] [restartedMain] o.h.e.t.j.p.i.JtaPlatformInitiator       : HHH000489: No JTA platform available (set 'hibernate.transaction.jta.platform' to enable JTA platform integration)
2025-08-09T09:05:56.952+05:30  INFO 11288 --- [Quiz-App] [restartedMain] j.LocalContainerEntityManagerFactoryBean : Initialized JPA EntityManagerFactory for persistence unit 'default'
2025-08-09T09:05:57.391+05:30  INFO 11288 --- [Quiz-App] [restartedMain] o.s.d.j.r.query.QueryEnhancerFactory     : Hibernate is in classpath; If applicable, HQL parser will be used.
2025-08-09T09:05:57.830+05:30  WARN 11288 --- [Quiz-App] [restartedMain] JpaBaseConfiguration$JpaWebConfiguration : spring.jpa.open-in-view is enabled by default. Therefore, database queries may be performed during view rendering. Explicitly configure spring.jpa.open-in-view to disable this warning
2025-08-09T09:05:58.511+05:30  INFO 11288 --- [Quiz-App] [restartedMain] o.s.b.d.a.OptionalLiveReloadServer       : LiveReload server is running on port 35729
2025-08-09T09:05:58.588+05:30  INFO 11288 --- [Quiz-App] [restartedMain] o.s.b.w.embedded.tomcat.TomcatWebServer  : Tomcat started on port 8080 (http) with context path '/'
2025-08-09T09:05:58.604+05:30  INFO 11288 --- [Quiz-App] [restartedMain] c.w.s.s.q.monorepo.QuizAppApplication    : Started QuizAppApplication in 7.817 seconds (process running for 8.494)
2025-08-09T09:08:19.482+05:30  INFO 11288 --- [Quiz-App] [http-nio-8080-exec-2] o.a.c.c.C.[Tomcat].[localhost].[/]       : Initializing Spring DispatcherServlet 'dispatcherServlet'
2025-08-09T09:08:19.483+05:30  INFO 11288 --- [Quiz-App] [http-nio-8080-exec-2] o.s.web.servlet.DispatcherServlet        : Initializing Servlet 'dispatcherServlet'
2025-08-09T09:08:19.484+05:30  INFO 11288 --- [Quiz-App] [http-nio-8080-exec-2] o.s.web.servlet.DispatcherServlet        : Completed initialization in 1 ms
2025-08-09T09:08:19.623+05:30  WARN 11288 --- [Quiz-App] [http-nio-8080-exec-2] c.w.s.s.q.monorepo.aop.QuizAppAspect     : Logging before calling addNewQuestion endpoint
2025-08-09T09:08:19.625+05:30  INFO 11288 --- [Quiz-App] [http-nio-8080-exec-2] c.w.s.s.q.monorepo.aop.QuizAppAspect     : Method being called: addQuestion
2025-08-09T09:08:19.625+05:30  INFO 11288 --- [Quiz-App] [http-nio-8080-exec-2] c.w.s.s.q.m.c.QuestionController         : This question is coming from Postman: Question(questionId=null, questionTitle=What is java ?, option1=Programming, option2=Scripting, option3=Query, option4=None, correctAnswer=Programming, category=JAVA, level=EASY)
2025-08-09T09:10:58.446+05:30  WARN 11288 --- [Quiz-App] [http-nio-8080-exec-5] .w.s.m.s.DefaultHandlerExceptionResolver : Resolved [org.springframework.web.HttpRequestMethodNotSupportedException: Request method 'POST' is not supported]
2025-08-09T09:15:38.204+05:30  WARN 11288 --- [Quiz-App] [http-nio-8080-exec-3] ration$PageModule$WarningLoggingModifier : Serializing PageImpl instances as-is is not supported, meaning that there is no guarantee about the stability of the resulting JSON structure!
	For a stable JSON structure, please use Spring Data's PagedModel (globally via @EnableSpringDataWebSupport(pageSerializationMode = VIA_DTO))
	or Spring HATEOAS and Spring Data's PagedResourcesAssembler as documented in https://docs.spring.io/spring-data/commons/reference/repositories/core-extensions.html#core.web.pageables.

2025-08-09T09:18:30.991+05:30  WARN 11288 --- [Quiz-App] [http-nio-8080-exec-6] .m.m.a.ExceptionHandlerExceptionResolver : Resolved [com.wipro.shobhit.spring.quizapp.monorepo.exceptions.QuestionNotFoundException: Question with that ID is not present: 10]
2025-08-09T09:26:26.063+05:30  INFO 11288 --- [Quiz-App] [http-nio-8080-exec-7] o.springdoc.api.AbstractOpenApiResource  : Init duration for springdoc-openapi is: 431 ms
2025-08-09T10:09:03.430+05:30  INFO 11288 --- [Quiz-App] [RMI TCP Connection(65)-127.0.0.1] inMXBeanRegistrar$SpringApplicationAdmin : Application shutdown requested.
2025-08-09T10:09:03.466+05:30  INFO 11288 --- [Quiz-App] [RMI TCP Connection(65)-127.0.0.1] o.s.b.w.e.tomcat.GracefulShutdown        : Commencing graceful shutdown. Waiting for active requests to complete
2025-08-09T10:09:03.663+05:30  INFO 11288 --- [Quiz-App] [tomcat-shutdown] o.s.b.w.e.tomcat.GracefulShutdown        : Graceful shutdown complete
2025-08-09T10:09:03.677+05:30  INFO 11288 --- [Quiz-App] [RMI TCP Connection(65)-127.0.0.1] j.LocalContainerEntityManagerFactoryBean : Closing JPA EntityManagerFactory for persistence unit 'default'
2025-08-09T10:09:03.705+05:30  INFO 11288 --- [Quiz-App] [RMI TCP Connection(65)-127.0.0.1] com.zaxxer.hikari.HikariDataSource       : HikariPool-1 - Shutdown initiated...
2025-08-09T10:09:03.708+05:30  INFO 11288 --- [Quiz-App] [RMI TCP Connection(65)-127.0.0.1] com.zaxxer.hikari.HikariDataSource       : HikariPool-1 - Shutdown completed.
